[15:03:20] [ServerMain/INFO]: Environment: Environment[sessionHost=https://sessionserver.mojang.com, servicesHost=https://api.minecraftservices.com, name=PROD]
[15:03:21] [ServerMain/INFO]: Loaded 7 recipes
[15:03:21] [ServerMain/INFO]: Loaded 1271 advancements
[15:03:22] [Server thread/INFO]: Starting minecraft server version 1.20.4
[15:03:22] [Server thread/INFO]: Loading properties
[15:03:22] [Server thread/INFO]: Default game type: SURVIVAL
[15:03:22] [Server thread/INFO]: Generating keypair
[15:03:22] [Server thread/INFO]: Starting Minecraft server on *:25565
[15:03:22] [Server thread/INFO]: Using default channel type
[15:03:22] [Server thread/INFO]: Preparing level "world"
[15:03:22] [Server thread/INFO]: Preparing start region for dimension minecraft:overworld
[15:03:24] [Worker-Main-1/INFO]: Preparing spawn area: 0%
[15:03:24] [Worker-Main-14/INFO]: Preparing spawn area: 0%
[15:03:24] [Worker-Main-10/INFO]: Preparing spawn area: 0%
[15:03:24] [Worker-Main-6/INFO]: Preparing spawn area: 0%
[15:03:24] [Worker-Main-3/INFO]: Preparing spawn area: 24%
[15:03:25] [Server thread/INFO]: Time elapsed: 2258 ms
[15:03:25] [Server thread/INFO]: Done (2.838s)! For help, type "help"
[15:03:26] [Server thread/INFO]: Stopping server
[15:03:26] [Server thread/INFO]: Saving players
[15:03:26] [Server thread/INFO]: Saving worlds
[15:03:26] [Server thread/INFO]: Saving chunks for level 'ServerLevel[world]'/minecraft:overworld
[15:03:27] [Server thread/INFO]: Saving chunks for level 'ServerLevel[world]'/minecraft:the_nether
[15:03:27] [Server thread/INFO]: Saving chunks for level 'ServerLevel[world]'/minecraft:the_end
[15:03:27] [Server thread/INFO]: ThreadedAnvilChunkStorage (world): All chunks are saved
[15:03:27] [Server thread/INFO]: ThreadedAnvilChunkStorage (DIM-1): All chunks are saved
[15:03:27] [Server thread/INFO]: ThreadedAnvilChunkStorage (DIM1): All chunks are saved
[15:03:27] [Server thread/INFO]: ThreadedAnvilChunkStorage: All dimensions are saved
